[debug] [2019-11-20T03:58:06.540Z] ----------------------------------------------------------------------
[debug] [2019-11-20T03:58:06.543Z] Command:       /usr/local/bin/node /usr/local/bin/firebase init
[debug] [2019-11-20T03:58:06.543Z] CLI Version:   7.7.0
[debug] [2019-11-20T03:58:06.543Z] Platform:      darwin
[debug] [2019-11-20T03:58:06.543Z] Node Version:  v12.13.0
[debug] [2019-11-20T03:58:06.544Z] Time:          Wed Nov 20 2019 00:58:06 GMT-0300 (Argentina Standard Time)
[debug] [2019-11-20T03:58:06.544Z] ----------------------------------------------------------------------
[debug] [2019-11-20T03:58:06.544Z] 
[debug] [2019-11-20T03:58:06.553Z] > command requires scopes: ["email","openid","https://www.googleapis.com/auth/cloudplatformprojects.readonly","https://www.googleapis.com/auth/firebase","https://www.googleapis.com/auth/cloud-platform"]
[debug] [2019-11-20T03:58:06.554Z] > authorizing via signed-in user
[info] 
     ######## #### ########  ######## ########     ###     ######  ########
     ##        ##  ##     ## ##       ##     ##  ##   ##  ##       ##
     ######    ##  ########  ######   ########  #########  ######  ######
     ##        ##  ##    ##  ##       ##     ## ##     ##       ## ##
     ##       #### ##     ## ######## ########  ##     ##  ######  ########

You're about to initialize a Firebase project in this directory:

  /Users/manuel/Projects/PremiumGarage

Before we get started, keep in mind:

  * You are initializing in an existing Firebase project directory

[info] 
=== Project Setup
[info] 
[info] First, let's associate this project directory with a Firebase project.
[info] You can create multiple project aliases by running firebase use --add, 
[info] but for now we'll just set up a default project.
[info] 
[info] i  .firebaserc already has a default project, using premiumgarage-c0f80.
[debug] [2019-11-20T03:58:10.505Z] >>> HTTP REQUEST GET https://firebase.googleapis.com/v1beta1/projects/premiumgarage-c0f80  
 
[debug] [2019-11-20T03:58:11.721Z] <<< HTTP RESPONSE 200
[info] 
=== Hosting Setup
[info] 
[info] Your public directory is the folder (relative to your project directory) that
[info] will contain Hosting assets to be uploaded with firebase deploy. If you
[info] have a build process for your assets, use your build's output directory.
[info] 
